<?xml version="1.0" encoding="UTF-8"?>
<!-- Generated by org.testng.reporters.JUnitXMLReporter -->
<testsuite ignored="0" hostname="DESKTOP-FPTEBSF" failures="0" tests="3" name="Test" time="33.434" errors="0" timestamp="2020-08-07T14:32:48 IST">
  <testcase classname="org.checkweather.test.ui.weatherUIStatus" name="checkStatus" time="12.535"/>
  <testcase classname="org.checkweather.test.ui.compareUIandAPI" name="compareUIAndApi" time="3.057"/>
  <testcase classname="org.checkweather.test.ui.weatherAPITest" name="getWeatherAPISuccess" time="0.569"/>
</testsuite> <!-- Test -->
