<?xml version="1.0" encoding="UTF-8"?>
<testng-results ignored="0" total="1" passed="1" failed="0" skipped="0">
  <reporter-output>
  </reporter-output>
  <suite started-at="2020-08-07T14:29:13 IST" name="Default suite" finished-at="2020-08-07T14:29:43 IST" duration-ms="29972">
    <groups>
    </groups>
    <test started-at="2020-08-07T14:29:13 IST" name="Default test" finished-at="2020-08-07T14:29:43 IST" duration-ms="29972">
      <class name="org.checkweather.test.ui.weatherUIStatus">
        <test-method is-config="true" signature="initWebDriver()[pri:0, instance:org.checkweather.test.ui.weatherUIStatus@1ffe63b9]" started-at="2020-08-07T14:29:13 IST" name="initWebDriver" finished-at="2020-08-07T14:29:29 IST" duration-ms="16229" status="PASS">
          <reporter-output>
          </reporter-output>
        </test-method> <!-- initWebDriver -->
        <test-method signature="checkStatus()[pri:0, instance:org.checkweather.test.ui.weatherUIStatus@1ffe63b9]" started-at="2020-08-07T14:29:29 IST" name="checkStatus" finished-at="2020-08-07T14:29:41 IST" duration-ms="12276" status="PASS">
          <reporter-output>
          </reporter-output>
        </test-method> <!-- checkStatus -->
        <test-method is-config="true" signature="quitBrowser()[pri:0, instance:org.checkweather.test.ui.weatherUIStatus@1ffe63b9]" started-at="2020-08-07T14:29:41 IST" name="quitBrowser" finished-at="2020-08-07T14:29:43 IST" duration-ms="1423" status="PASS">
          <reporter-output>
          </reporter-output>
        </test-method> <!-- quitBrowser -->
      </class> <!-- org.checkweather.test.ui.weatherUIStatus -->
    </test> <!-- Default test -->
  </suite> <!-- Default suite -->
</testng-results>
