<?xml version="1.0" encoding="UTF-8"?>
<!-- Generated by org.testng.reporters.JUnitXMLReporter -->
<testsuite ignored="0" hostname="DESKTOP-FPTEBSF" failures="1" tests="3" name="Test" time="36.632" errors="0" timestamp="2020-08-07T14:14:24 IST">
  <testcase classname="org.checkweather.test.ui.weatherUIStatus" name="checkStatus" time="12.901"/>
  <testcase classname="org.checkweather.test.ui.compareUIandAPI" name="compareUIAndApi" time="0.002">
    <failure type="java.lang.NullPointerException">
      <![CDATA[java.lang.NullPointerException
at org.openqa.selenium.support.pagefactory.DefaultElementLocator.findElement(DefaultElementLocator.java:69)
at org.openqa.selenium.support.pagefactory.internal.LocatingElementHandler.invoke(LocatingElementHandler.java:38)
at com.sun.proxy.$Proxy12.click(Unknown Source)
at or.checkweather.page.ui.weatherUI.getWeatherStatus(weatherUI.java:54)
at org.checkweather.test.ui.weatherUIStatus.checkStatus(weatherUIStatus.java:17)
at org.checkweather.test.ui.compareUIandAPI.compareUIAndApi(compareUIandAPI.java:15)
at java.base/java.util.ArrayList.forEach(ArrayList.java:1507)
... Removed 27 stack frames]]>
    </failure>
  </testcase> <!-- compareUIAndApi -->
  <testcase classname="org.checkweather.test.ui.weatherAPITest" name="getWeatherAPISuccess" time="2.902"/>
</testsuite> <!-- Test -->
