<?xml version="1.0" encoding="UTF-8"?>
<testng-results ignored="0" total="3" passed="3" failed="0" skipped="0">
  <reporter-output>
  </reporter-output>
  <suite started-at="2020-08-07T14:32:15 IST" name="Suite" finished-at="2020-08-07T14:32:48 IST" duration-ms="33434">
    <groups>
    </groups>
    <test started-at="2020-08-07T14:32:15 IST" name="Test" finished-at="2020-08-07T14:32:48 IST" duration-ms="33434">
      <class name="org.checkweather.test.ui.weatherAPITest">
        <test-method signature="getWeatherAPISuccess()[pri:2, instance:org.checkweather.test.ui.weatherAPITest@4c39bec8]" started-at="2020-08-07T14:32:47 IST" name="getWeatherAPISuccess" finished-at="2020-08-07T14:32:48 IST" duration-ms="569" status="PASS">
          <reporter-output>
          </reporter-output>
        </test-method> <!-- getWeatherAPISuccess -->
      </class> <!-- org.checkweather.test.ui.weatherAPITest -->
      <class name="org.checkweather.test.ui.weatherUIStatus">
        <test-method is-config="true" signature="initWebDriver()[pri:0, instance:org.checkweather.test.ui.weatherUIStatus@5b94b04d]" started-at="2020-08-07T14:32:15 IST" name="initWebDriver" finished-at="2020-08-07T14:32:30 IST" duration-ms="15356" status="PASS">
          <reporter-output>
          </reporter-output>
        </test-method> <!-- initWebDriver -->
        <test-method signature="checkStatus()[pri:0, instance:org.checkweather.test.ui.weatherUIStatus@5b94b04d]" started-at="2020-08-07T14:32:30 IST" name="checkStatus" finished-at="2020-08-07T14:32:42 IST" duration-ms="12535" status="PASS">
          <reporter-output>
          </reporter-output>
        </test-method> <!-- checkStatus -->
        <test-method is-config="true" signature="quitBrowser()[pri:0, instance:org.checkweather.test.ui.weatherUIStatus@5b94b04d]" started-at="2020-08-07T14:32:42 IST" name="quitBrowser" finished-at="2020-08-07T14:32:44 IST" duration-ms="1863" status="PASS">
          <reporter-output>
          </reporter-output>
        </test-method> <!-- quitBrowser -->
      </class> <!-- org.checkweather.test.ui.weatherUIStatus -->
      <class name="org.checkweather.test.ui.compareUIandAPI">
        <test-method signature="compareUIAndApi()[pri:3, instance:org.checkweather.test.ui.compareUIandAPI@8c3b9d]" started-at="2020-08-07T14:32:44 IST" name="compareUIAndApi" finished-at="2020-08-07T14:32:47 IST" duration-ms="3057" status="PASS">
          <reporter-output>
          </reporter-output>
        </test-method> <!-- compareUIAndApi -->
      </class> <!-- org.checkweather.test.ui.compareUIandAPI -->
    </test> <!-- Test -->
  </suite> <!-- Suite -->
</testng-results>
