<?xml version="1.0" encoding="UTF-8"?>
<testsuite xmlns:xsi="http://www.w3.org/2001/XMLSchema-instance" xsi:noNamespaceSchemaLocation="https://maven.apache.org/surefire/maven-surefire-plugin/xsd/surefire-test-report.xsd" name="TestSuite" time="34.241" tests="3" errors="0" skipped="0" failures="0">
  <properties>
[...]
</properties>
  <testcase name="checkStatus" classname="org.checkweather.test.ui.weatherUIStatus" time="12.547"/>
  <testcase name="compareUIAndApi" classname="org.checkweather.test.ui.compareUIandAPI" time="3.083"/>
  <testcase name="getWeatherAPISuccess" classname="org.checkweather.test.ui.weatherAPITest" time="0.548"/>
</testsuite>